0 info it worked if it ends with ok
1 verbose cli [ 'node', '/usr/local/bin/npm', 'install', '-g', 'ios-deploy' ]
2 info using npm@1.3.23
3 info using node@v0.10.24
4 verbose cache add [ 'ios-deploy', null ]
5 verbose cache add name=undefined spec="ios-deploy" args=["ios-deploy",null]
6 verbose parsed url { protocol: null,
6 verbose parsed url   slashes: null,
6 verbose parsed url   auth: null,
6 verbose parsed url   host: null,
6 verbose parsed url   port: null,
6 verbose parsed url   hostname: null,
6 verbose parsed url   hash: null,
6 verbose parsed url   search: null,
6 verbose parsed url   query: null,
6 verbose parsed url   pathname: 'ios-deploy',
6 verbose parsed url   path: 'ios-deploy',
6 verbose parsed url   href: 'ios-deploy' }
7 silly lockFile 69149c11-ios-deploy ios-deploy
8 verbose lock ios-deploy /Users/Hacker/.npm/69149c11-ios-deploy.lock
9 verbose chmod /var/folders/by/rz_9_ydx1934bd66jmtcyg2m0000gn/T/npm-42208-x_Z0fcKB/1394010078795-0.368144559673965/tmp.tgz 644
10 verbose tar unpack /var/folders/by/rz_9_ydx1934bd66jmtcyg2m0000gn/T/npm-42208-x_Z0fcKB/1394010078795-0.368144559673965/tmp.tgz
11 silly lockFile cdda7631-078795-0-368144559673965-package tar:///var/folders/by/rz_9_ydx1934bd66jmtcyg2m0000gn/T/npm-42208-x_Z0fcKB/1394010078795-0.368144559673965/package
12 verbose lock tar:///var/folders/by/rz_9_ydx1934bd66jmtcyg2m0000gn/T/npm-42208-x_Z0fcKB/1394010078795-0.368144559673965/package /Users/Hacker/.npm/cdda7631-078795-0-368144559673965-package.lock
13 silly lockFile 0a3b7bce-078795-0-368144559673965-tmp-tgz tar:///var/folders/by/rz_9_ydx1934bd66jmtcyg2m0000gn/T/npm-42208-x_Z0fcKB/1394010078795-0.368144559673965/tmp.tgz
14 verbose lock tar:///var/folders/by/rz_9_ydx1934bd66jmtcyg2m0000gn/T/npm-42208-x_Z0fcKB/1394010078795-0.368144559673965/tmp.tgz /Users/Hacker/.npm/0a3b7bce-078795-0-368144559673965-tmp-tgz.lock
15 silly gunzTarPerm modes [ '755', '644' ]
16 error not a package /var/folders/by/rz_9_ydx1934bd66jmtcyg2m0000gn/T/npm-42208-x_Z0fcKB/1394010078795-0.368144559673965/tmp.tgz
17 silly lockFile cdda7631-078795-0-368144559673965-package tar:///var/folders/by/rz_9_ydx1934bd66jmtcyg2m0000gn/T/npm-42208-x_Z0fcKB/1394010078795-0.368144559673965/package
18 silly lockFile cdda7631-078795-0-368144559673965-package tar:///var/folders/by/rz_9_ydx1934bd66jmtcyg2m0000gn/T/npm-42208-x_Z0fcKB/1394010078795-0.368144559673965/package
19 silly lockFile 0a3b7bce-078795-0-368144559673965-tmp-tgz tar:///var/folders/by/rz_9_ydx1934bd66jmtcyg2m0000gn/T/npm-42208-x_Z0fcKB/1394010078795-0.368144559673965/tmp.tgz
20 silly lockFile 0a3b7bce-078795-0-368144559673965-tmp-tgz tar:///var/folders/by/rz_9_ydx1934bd66jmtcyg2m0000gn/T/npm-42208-x_Z0fcKB/1394010078795-0.368144559673965/tmp.tgz
21 silly lockFile 69149c11-ios-deploy ios-deploy
22 silly lockFile 69149c11-ios-deploy ios-deploy
23 verbose addNamed [ 'ios-deploy', '' ]
24 verbose addNamed [ null, '*' ]
25 silly lockFile 9c508a6b-ios-deploy ios-deploy@
26 verbose lock ios-deploy@ /Users/Hacker/.npm/9c508a6b-ios-deploy.lock
27 silly addNameRange { name: 'ios-deploy', range: '*', hasData: false }
28 verbose url raw ios-deploy
29 verbose url resolving [ 'https://registry.npmjs.org/', './ios-deploy' ]
30 verbose url resolved https://registry.npmjs.org/ios-deploy
31 info trying registry request attempt 1 at 10:01:18
32 http GET https://registry.npmjs.org/ios-deploy
33 http 200 https://registry.npmjs.org/ios-deploy
34 silly registry.get cb [ 200,
34 silly registry.get   { date: 'Wed, 05 Mar 2014 09:01:19 GMT',
34 silly registry.get     server: 'CouchDB/1.5.0 (Erlang OTP/R16B)',
34 silly registry.get     etag: '"AC3FBJY9K128Z249UZZJDI861"',
34 silly registry.get     'content-type': 'application/json',
34 silly registry.get     via: '1.1 varnish',
34 silly registry.get     'cache-control': 'max-age=1',
34 silly registry.get     'content-length': '13041',
34 silly registry.get     'accept-ranges': 'bytes',
34 silly registry.get     age: '164994',
34 silly registry.get     'x-served-by': 'cache-v43-ASH, cache-fra1228-FRA',
34 silly registry.get     'x-cache': 'HIT, MISS',
34 silly registry.get     'x-cache-hits': '175, 0',
34 silly registry.get     'x-timer': 'S1394010078.931946278,VS0,VS39,VE39,VE99',
34 silly registry.get     vary: 'Accept',
34 silly registry.get     'keep-alive': 'timeout=10, max=50',
34 silly registry.get     connection: 'Keep-Alive' } ]
35 silly addNameRange number 2 { name: 'ios-deploy', range: '*', hasData: true }
36 silly addNameRange versions [ 'ios-deploy', [ '1.0.1', '1.0.2', '1.0.3', '1.0.4' ] ]
37 verbose addNamed [ 'ios-deploy', '1.0.4' ]
38 verbose addNamed [ '1.0.4', '1.0.4' ]
39 silly lockFile 8b40e901-ios-deploy-1-0-4 ios-deploy@1.0.4
40 verbose lock ios-deploy@1.0.4 /Users/Hacker/.npm/8b40e901-ios-deploy-1-0-4.lock
41 silly lockFile b5e1679b--ios-deploy-ios-deploy-1-0-4-tgz https://registry.npmjs.org/ios-deploy/-/ios-deploy-1.0.4.tgz
42 verbose lock https://registry.npmjs.org/ios-deploy/-/ios-deploy-1.0.4.tgz /Users/Hacker/.npm/b5e1679b--ios-deploy-ios-deploy-1-0-4-tgz.lock
43 verbose addRemoteTarball [ 'https://registry.npmjs.org/ios-deploy/-/ios-deploy-1.0.4.tgz',
43 verbose addRemoteTarball   '401bd8bbdb52d52d65ce026c8b047b0435abb0a9' ]
44 info retry fetch attempt 1 at 10:01:19
45 verbose fetch to= /var/folders/by/rz_9_ydx1934bd66jmtcyg2m0000gn/T/npm-42208-x_Z0fcKB/1394010079081-0.6075114365667105/tmp.tgz
46 http GET https://registry.npmjs.org/ios-deploy/-/ios-deploy-1.0.4.tgz
47 http 200 https://registry.npmjs.org/ios-deploy/-/ios-deploy-1.0.4.tgz
48 verbose tar unpack /var/folders/by/rz_9_ydx1934bd66jmtcyg2m0000gn/T/npm-42208-x_Z0fcKB/1394010079081-0.6075114365667105/tmp.tgz
49 silly lockFile 09544de5-79081-0-6075114365667105-package tar:///var/folders/by/rz_9_ydx1934bd66jmtcyg2m0000gn/T/npm-42208-x_Z0fcKB/1394010079081-0.6075114365667105/package
50 verbose lock tar:///var/folders/by/rz_9_ydx1934bd66jmtcyg2m0000gn/T/npm-42208-x_Z0fcKB/1394010079081-0.6075114365667105/package /Users/Hacker/.npm/09544de5-79081-0-6075114365667105-package.lock
51 silly lockFile 88ce175f-79081-0-6075114365667105-tmp-tgz tar:///var/folders/by/rz_9_ydx1934bd66jmtcyg2m0000gn/T/npm-42208-x_Z0fcKB/1394010079081-0.6075114365667105/tmp.tgz
52 verbose lock tar:///var/folders/by/rz_9_ydx1934bd66jmtcyg2m0000gn/T/npm-42208-x_Z0fcKB/1394010079081-0.6075114365667105/tmp.tgz /Users/Hacker/.npm/88ce175f-79081-0-6075114365667105-tmp-tgz.lock
53 silly gunzTarPerm modes [ '755', '644' ]
54 silly gunzTarPerm extractEntry package.json
55 silly gunzTarPerm extractEntry .npmignore
56 silly gunzTarPerm extractEntry README.md
57 silly gunzTarPerm extractEntry LICENSE
58 silly gunzTarPerm extractEntry Info.plist
59 silly gunzTarPerm extractEntry Makefile
60 silly gunzTarPerm extractEntry Entitlements.plist
61 silly gunzTarPerm extractEntry ResourceRules.plist
62 silly gunzTarPerm extractEntry demo.c
63 silly gunzTarPerm extractEntry ios-deploy.c
64 silly gunzTarPerm extractEntry MobileDevice.h
65 silly lockFile 09544de5-79081-0-6075114365667105-package tar:///var/folders/by/rz_9_ydx1934bd66jmtcyg2m0000gn/T/npm-42208-x_Z0fcKB/1394010079081-0.6075114365667105/package
66 silly lockFile 09544de5-79081-0-6075114365667105-package tar:///var/folders/by/rz_9_ydx1934bd66jmtcyg2m0000gn/T/npm-42208-x_Z0fcKB/1394010079081-0.6075114365667105/package
67 silly lockFile 88ce175f-79081-0-6075114365667105-tmp-tgz tar:///var/folders/by/rz_9_ydx1934bd66jmtcyg2m0000gn/T/npm-42208-x_Z0fcKB/1394010079081-0.6075114365667105/tmp.tgz
68 silly lockFile 88ce175f-79081-0-6075114365667105-tmp-tgz tar:///var/folders/by/rz_9_ydx1934bd66jmtcyg2m0000gn/T/npm-42208-x_Z0fcKB/1394010079081-0.6075114365667105/tmp.tgz
69 verbose tar pack [ '/Users/Hacker/.npm/ios-deploy/1.0.4/package.tgz',
69 verbose tar pack   '/var/folders/by/rz_9_ydx1934bd66jmtcyg2m0000gn/T/npm-42208-x_Z0fcKB/1394010079081-0.6075114365667105/package' ]
70 verbose tarball /Users/Hacker/.npm/ios-deploy/1.0.4/package.tgz
71 verbose folder /var/folders/by/rz_9_ydx1934bd66jmtcyg2m0000gn/T/npm-42208-x_Z0fcKB/1394010079081-0.6075114365667105/package
72 silly lockFile 09544de5-79081-0-6075114365667105-package tar:///var/folders/by/rz_9_ydx1934bd66jmtcyg2m0000gn/T/npm-42208-x_Z0fcKB/1394010079081-0.6075114365667105/package
73 verbose lock tar:///var/folders/by/rz_9_ydx1934bd66jmtcyg2m0000gn/T/npm-42208-x_Z0fcKB/1394010079081-0.6075114365667105/package /Users/Hacker/.npm/09544de5-79081-0-6075114365667105-package.lock
74 silly lockFile 7e61252f-npm-ios-deploy-1-0-4-package-tgz tar:///Users/Hacker/.npm/ios-deploy/1.0.4/package.tgz
75 verbose lock tar:///Users/Hacker/.npm/ios-deploy/1.0.4/package.tgz /Users/Hacker/.npm/7e61252f-npm-ios-deploy-1-0-4-package-tgz.lock
76 silly lockFile 09544de5-79081-0-6075114365667105-package tar:///var/folders/by/rz_9_ydx1934bd66jmtcyg2m0000gn/T/npm-42208-x_Z0fcKB/1394010079081-0.6075114365667105/package
77 silly lockFile 09544de5-79081-0-6075114365667105-package tar:///var/folders/by/rz_9_ydx1934bd66jmtcyg2m0000gn/T/npm-42208-x_Z0fcKB/1394010079081-0.6075114365667105/package
78 silly lockFile 7e61252f-npm-ios-deploy-1-0-4-package-tgz tar:///Users/Hacker/.npm/ios-deploy/1.0.4/package.tgz
79 silly lockFile 7e61252f-npm-ios-deploy-1-0-4-package-tgz tar:///Users/Hacker/.npm/ios-deploy/1.0.4/package.tgz
80 silly lockFile 5aa7f6ea-ker-npm-ios-deploy-1-0-4-package /Users/Hacker/.npm/ios-deploy/1.0.4/package
81 verbose lock /Users/Hacker/.npm/ios-deploy/1.0.4/package /Users/Hacker/.npm/5aa7f6ea-ker-npm-ios-deploy-1-0-4-package.lock
82 silly lockFile 5aa7f6ea-ker-npm-ios-deploy-1-0-4-package /Users/Hacker/.npm/ios-deploy/1.0.4/package
83 silly lockFile 5aa7f6ea-ker-npm-ios-deploy-1-0-4-package /Users/Hacker/.npm/ios-deploy/1.0.4/package
84 verbose tar unpack /Users/Hacker/.npm/ios-deploy/1.0.4/package.tgz
85 silly lockFile 082b2d99-ker-npm-ios-deploy-1-0-4-package tar:///Users/Hacker/.npm/ios-deploy/1.0.4/package
86 verbose lock tar:///Users/Hacker/.npm/ios-deploy/1.0.4/package /Users/Hacker/.npm/082b2d99-ker-npm-ios-deploy-1-0-4-package.lock
87 silly lockFile 7e61252f-npm-ios-deploy-1-0-4-package-tgz tar:///Users/Hacker/.npm/ios-deploy/1.0.4/package.tgz
88 verbose lock tar:///Users/Hacker/.npm/ios-deploy/1.0.4/package.tgz /Users/Hacker/.npm/7e61252f-npm-ios-deploy-1-0-4-package-tgz.lock
89 silly gunzTarPerm modes [ '755', '644' ]
90 silly gunzTarPerm extractEntry package.json
91 silly gunzTarPerm extractEntry .npmignore
92 silly gunzTarPerm extractEntry README.md
93 silly gunzTarPerm extractEntry LICENSE
94 silly gunzTarPerm extractEntry Info.plist
95 silly gunzTarPerm extractEntry Makefile
96 silly gunzTarPerm extractEntry Entitlements.plist
97 silly gunzTarPerm extractEntry ResourceRules.plist
98 silly gunzTarPerm extractEntry demo.c
99 silly gunzTarPerm extractEntry ios-deploy.c
100 silly gunzTarPerm extractEntry MobileDevice.h
101 silly lockFile 082b2d99-ker-npm-ios-deploy-1-0-4-package tar:///Users/Hacker/.npm/ios-deploy/1.0.4/package
102 silly lockFile 082b2d99-ker-npm-ios-deploy-1-0-4-package tar:///Users/Hacker/.npm/ios-deploy/1.0.4/package
103 silly lockFile 7e61252f-npm-ios-deploy-1-0-4-package-tgz tar:///Users/Hacker/.npm/ios-deploy/1.0.4/package.tgz
104 silly lockFile 7e61252f-npm-ios-deploy-1-0-4-package-tgz tar:///Users/Hacker/.npm/ios-deploy/1.0.4/package.tgz
105 verbose chmod /Users/Hacker/.npm/ios-deploy/1.0.4/package.tgz 644
106 verbose chown /Users/Hacker/.npm/ios-deploy/1.0.4/package.tgz [ 501, 20 ]
107 silly lockFile b5e1679b--ios-deploy-ios-deploy-1-0-4-tgz https://registry.npmjs.org/ios-deploy/-/ios-deploy-1.0.4.tgz
108 silly lockFile b5e1679b--ios-deploy-ios-deploy-1-0-4-tgz https://registry.npmjs.org/ios-deploy/-/ios-deploy-1.0.4.tgz
109 silly lockFile 8b40e901-ios-deploy-1-0-4 ios-deploy@1.0.4
110 silly lockFile 8b40e901-ios-deploy-1-0-4 ios-deploy@1.0.4
111 silly lockFile 9c508a6b-ios-deploy ios-deploy@
112 silly lockFile 9c508a6b-ios-deploy ios-deploy@
113 silly resolved [ { name: 'ios-deploy',
113 silly resolved     version: '1.0.4',
113 silly resolved     description: 'launch iOS apps iOS devices from the command line (Xcode 4)',
113 silly resolved     main: 'ios-deploy',
113 silly resolved     scripts: { preinstall: 'make ios-deploy' },
113 silly resolved     bin: { 'ios-deploy': './ios-deploy' },
113 silly resolved     repository: { type: 'git', url: 'https://github.com/phonegap/ios-deploy' },
113 silly resolved     keywords: [ 'ios-deploy', 'deploy to iOS device' ],
113 silly resolved     author: { name: 'Greg Hughes' },
113 silly resolved     license: 'GPLv3',
113 silly resolved     readme: 'ios-deploy\n==========\nInstall and debug iPhone apps without using Xcode. Designed to work on unjailbroken devices.\n\n## Requirements\n\n* Mac OS X. Tested on Snow Leopard only.\n* You need to have a valid iPhone development certificate installed.\n* Xcode must be installed, along with the SDK for your iOS version.\n\n## Usage\n\n./ios-deploy [OPTION]...\n  -d, --debug                  launch the app in GDB after installation\n  -i, --id <device_id>         the id of the device to connect to\n  -c, --detect                 only detect if the device is connected\n  -b, --bundle <bundle.app>    the path to the app bundle to be installed\n  -a, --args <args>            command line arguments to pass to the app when launching it\n  -t, --timeout <timeout>      number of seconds to wait for a device to be connected\n  -u, --unbuffered             don\'t buffer stdout\n  -g, --gdbargs <args>         extra arguments to pass to GDB when starting the debugger\n  -x, --gdbexec <file>         GDB commands script file\n  -n, --nostart                do not start the app when debugging\n  -v, --verbose                enable verbose output\n  -m, --noinstall              directly start debugging without app install (-d not required) \n  -V, --version                print the executable version\n\n## Demo\n\n* The included demo.app represents the minimum required to get code running on iOS.\n* `make install` will install demo.app to the device.\n* `make debug` will install demo.app and launch a GDB session.\n\n## Notes\n\n* With some modifications, it may be possible to use this without Xcode installed; however, you would need a copy of the relevant DeveloperDiskImage.dmg (included with Xcode). GDB would also run slower as symbols would be downloaded from the device on-the-fly.\n\n\n## Listing Device Ids\n\nDevice Ids are the UDIDs of the iOS devices. From the command line, you can list device ids [this way](http://javierhz.blogspot.com/2012/06/how-to-get-udid-of-iphone-using-shell.html):\n\n        system_profiler SPUSBDataType | sed -n -e \'/iPad/,/Serial/p\' -e \'/iPhone/,/Serial/p\' | grep "Serial Number:" | awk -F ": " \'{print $2}\'\n',
113 silly resolved     readmeFilename: 'README.md',
113 silly resolved     bugs: { url: 'https://github.com/phonegap/ios-deploy/issues' },
113 silly resolved     homepage: 'https://github.com/phonegap/ios-deploy',
113 silly resolved     _id: 'ios-deploy@1.0.4',
113 silly resolved     dist: { shasum: '401bd8bbdb52d52d65ce026c8b047b0435abb0a9' },
113 silly resolved     _from: 'ios-deploy@',
113 silly resolved     _resolved: 'https://registry.npmjs.org/ios-deploy/-/ios-deploy-1.0.4.tgz' } ]
114 info install ios-deploy@1.0.4 into /usr/local/lib
115 info installOne ios-deploy@1.0.4
116 info /usr/local/lib/node_modules/ios-deploy unbuild
117 verbose tar unpack /Users/Hacker/.npm/ios-deploy/1.0.4/package.tgz
118 silly lockFile d4189100-ocal-lib-node-modules-ios-deploy tar:///usr/local/lib/node_modules/ios-deploy
119 verbose lock tar:///usr/local/lib/node_modules/ios-deploy /Users/Hacker/.npm/d4189100-ocal-lib-node-modules-ios-deploy.lock
120 silly lockFile 7e61252f-npm-ios-deploy-1-0-4-package-tgz tar:///Users/Hacker/.npm/ios-deploy/1.0.4/package.tgz
121 verbose lock tar:///Users/Hacker/.npm/ios-deploy/1.0.4/package.tgz /Users/Hacker/.npm/7e61252f-npm-ios-deploy-1-0-4-package-tgz.lock
122 silly gunzTarPerm modes [ '755', '644' ]
123 error Error: EACCES, mkdir '/usr/local/lib/node_modules/ios-deploy'
123 error  { [Error: EACCES, mkdir '/usr/local/lib/node_modules/ios-deploy']
123 error   errno: 3,
123 error   code: 'EACCES',
123 error   path: '/usr/local/lib/node_modules/ios-deploy',
123 error   fstream_type: 'Directory',
123 error   fstream_path: '/usr/local/lib/node_modules/ios-deploy',
123 error   fstream_class: 'DirWriter',
123 error   fstream_stack:
123 error    [ '/usr/local/lib/node_modules/npm/node_modules/fstream/lib/dir-writer.js:36:23',
123 error      '/usr/local/lib/node_modules/npm/node_modules/mkdirp/index.js:37:53',
123 error      'Object.oncomplete (fs.js:107:15)' ] }
124 error Please try running this command again as root/Administrator.
125 error System Darwin 13.0.2
126 error command "node" "/usr/local/bin/npm" "install" "-g" "ios-deploy"
127 error cwd /Users/Hacker/Dev/gifyourself/ios-deploy-master
128 error node -v v0.10.24
129 error npm -v 1.3.23
130 error path /usr/local/lib/node_modules/ios-deploy
131 error fstream_path /usr/local/lib/node_modules/ios-deploy
132 error fstream_type Directory
133 error fstream_class DirWriter
134 error code EACCES
135 error errno 3
136 error stack Error: EACCES, mkdir '/usr/local/lib/node_modules/ios-deploy'
137 error fstream_stack /usr/local/lib/node_modules/npm/node_modules/fstream/lib/dir-writer.js:36:23
137 error fstream_stack /usr/local/lib/node_modules/npm/node_modules/mkdirp/index.js:37:53
137 error fstream_stack Object.oncomplete (fs.js:107:15)
138 verbose exit [ 3, true ]
